<?xml version="1.0" encoding="UTF-8"?>
<testsuite xmlns:xsi="http://www.w3.org/2001/XMLSchema-instance" xsi:noNamespaceSchemaLocation="https://maven.apache.org/surefire/maven-surefire-plugin/xsd/surefire-test-report.xsd" version="3.0.2" name="tn.esprit.tutoring.TutoringApplicationTests" time="42.091" tests="1" errors="0" skipped="0" failures="0">
  <properties>
[...]
</properties>
  <testcase name="contextLoads" classname="tn.esprit.tutoring.TutoringApplicationTests" time="0.505">
    <system-out><![CDATA[Standard Commons Logging discovery in action with spring-jcl: please remove commons-logging.jar from classpath in order to avoid potential conflicts
11:25:21.427 [main] INFO org.springframework.test.context.support.AnnotationConfigContextLoaderUtils -- Could not detect default configuration classes for test class [tn.esprit.tutoring.TutoringApplicationTests]: TutoringApplicationTests does not declare any static, non-private, non-final, nested classes annotated with @Configuration.
11:25:21.608 [main] INFO org.springframework.boot.test.context.SpringBootTestContextBootstrapper -- Found @SpringBootConfiguration tn.esprit.tutoring.TutoringApplication for test class tn.esprit.tutoring.TutoringApplicationTests
11:25:22.221 [main] INFO org.springframework.boot.devtools.restart.RestartApplicationListener -- Restart disabled due to context in which it is running

  .   ____          _            __ _ _
 /\\ / ___'_ __ _ _(_)_ __  __ _ \ \ \ \
( ( )\___ | '_ | '_| | '_ \/ _` | \ \ \ \
 \\/  ___)| |_)| | | | | || (_| |  ) ) ) )
  '  |____| .__|_| |_|_| |_\__, | / / / /
 =========|_|==============|___/=/_/_/_/

 :: Spring Boot ::                (v3.4.2)

2025-02-28T11:25:24.040+01:00  INFO 14184 --- [Tutoring] [           main] t.e.tutoring.TutoringApplicationTests    : Starting TutoringApplicationTests using Java 17.0.11 with PID 14184 (started by Kaabiz in C:\Users\FK Info\Desktop\Esprit\4 éme\Semestre 2\PI-DEV\KAABIZ_WORK\Tutoring)
2025-02-28T11:25:24.044+01:00  INFO 14184 --- [Tutoring] [           main] t.e.tutoring.TutoringApplicationTests    : No active profile set, falling back to 1 default profile: "default"
2025-02-28T11:25:26.218+01:00  INFO 14184 --- [Tutoring] [           main] .s.d.r.c.RepositoryConfigurationDelegate : Bootstrapping Spring Data JPA repositories in DEFAULT mode.
2025-02-28T11:25:26.460+01:00  INFO 14184 --- [Tutoring] [           main] .s.d.r.c.RepositoryConfigurationDelegate : Finished Spring Data repository scanning in 223 ms. Found 3 JPA repository interfaces.
2025-02-28T11:25:28.393+01:00  INFO 14184 --- [Tutoring] [           main] o.s.cloud.context.scope.GenericScope     : BeanFactory id=d6db72fa-eda7-3037-a3d8-422d888e1b60
2025-02-28T11:25:50.180+01:00  INFO 14184 --- [Tutoring] [           main] o.hibernate.jpa.internal.util.LogHelper  : HHH000204: Processing PersistenceUnitInfo [name: default]
2025-02-28T11:25:52.844+01:00  INFO 14184 --- [Tutoring] [           main] org.hibernate.Version                    : HHH000412: Hibernate ORM core version 6.6.5.Final
2025-02-28T11:25:52.972+01:00  INFO 14184 --- [Tutoring] [           main] o.h.c.internal.RegionFactoryInitiator    : HHH000026: Second-level cache disabled
2025-02-28T11:25:53.790+01:00  INFO 14184 --- [Tutoring] [           main] o.s.o.j.p.SpringPersistenceUnitInfo      : No LoadTimeWeaver setup: ignoring JPA class transformer
2025-02-28T11:25:53.907+01:00  INFO 14184 --- [Tutoring] [           main] com.zaxxer.hikari.HikariDataSource       : HikariPool-1 - Starting...
2025-02-28T11:25:54.228+01:00  INFO 14184 --- [Tutoring] [           main] com.zaxxer.hikari.pool.HikariPool        : HikariPool-1 - Added connection com.mysql.cj.jdbc.ConnectionImpl@5d75f90e
2025-02-28T11:25:54.231+01:00  INFO 14184 --- [Tutoring] [           main] com.zaxxer.hikari.HikariDataSource       : HikariPool-1 - Start completed.
2025-02-28T11:25:54.292+01:00  WARN 14184 --- [Tutoring] [           main] org.hibernate.orm.deprecation            : HHH90000025: MySQL8Dialect does not need to be specified explicitly using 'hibernate.dialect' (remove the property setting and it will be selected by default)
2025-02-28T11:25:54.294+01:00  WARN 14184 --- [Tutoring] [           main] org.hibernate.orm.deprecation            : HHH90000026: MySQL8Dialect has been deprecated; use org.hibernate.dialect.MySQLDialect instead
2025-02-28T11:25:54.327+01:00  INFO 14184 --- [Tutoring] [           main] org.hibernate.orm.connections.pooling    : HHH10001005: Database info:
	Database JDBC URL [Connecting through datasource 'HikariDataSource (HikariPool-1)']
	Database driver: undefined/unknown
	Database version: 8.0
	Autocommit mode: undefined/unknown
	Isolation level: undefined/unknown
	Minimum pool size: undefined/unknown
	Maximum pool size: undefined/unknown
2025-02-28T11:25:56.133+01:00  INFO 14184 --- [Tutoring] [           main] o.h.e.t.j.p.i.JtaPlatformInitiator       : HHH000489: No JTA platform available (set 'hibernate.transaction.jta.platform' to enable JTA platform integration)
2025-02-28T11:25:56.239+01:00  INFO 14184 --- [Tutoring] [           main] j.LocalContainerEntityManagerFactoryBean : Initialized JPA EntityManagerFactory for persistence unit 'default'
2025-02-28T11:25:56.975+01:00  WARN 14184 --- [Tutoring] [           main] JpaBaseConfiguration$JpaWebConfiguration : spring.jpa.open-in-view is enabled by default. Therefore, database queries may be performed during view rendering. Explicitly configure spring.jpa.open-in-view to disable this warning
2025-02-28T11:25:57.246+01:00  INFO 14184 --- [Tutoring] [           main] o.s.v.b.OptionalValidatorFactoryBean     : Failed to set up a Bean Validation provider: jakarta.validation.NoProviderFoundException: Unable to create a Configuration, because no Jakarta Bean Validation provider could be found. Add a provider like Hibernate Validator (RI) to your classpath.
2025-02-28T11:25:59.021+01:00  INFO 14184 --- [Tutoring] [           main] o.s.cloud.commons.util.InetUtils         : Cannot determine local hostname
2025-02-28T11:26:00.897+01:00  INFO 14184 --- [Tutoring] [           main] o.s.cloud.commons.util.InetUtils         : Cannot determine local hostname
2025-02-28T11:26:01.014+01:00  WARN 14184 --- [Tutoring] [           main] iguration$LoadBalancerCaffeineWarnLogger : Spring Cloud LoadBalancer is currently working with the default cache. While this cache implementation is useful for development and tests, it's recommended to use Caffeine cache in production.You can switch to using Caffeine cache, by adding it and org.springframework.cache.caffeine.CaffeineCacheManager to the classpath.
2025-02-28T11:26:01.335+01:00  INFO 14184 --- [Tutoring] [           main] o.s.c.n.eureka.InstanceInfoFactory       : Setting initial instance status as: STARTING
2025-02-28T11:26:01.366+01:00  INFO 14184 --- [Tutoring] [           main] com.netflix.discovery.DiscoveryClient    : Initializing Eureka in region us-east-1
2025-02-28T11:26:01.406+01:00  INFO 14184 --- [Tutoring] [           main] c.n.d.provider.DiscoveryJerseyProvider   : Using JSON encoding codec LegacyJacksonJson
2025-02-28T11:26:01.406+01:00  INFO 14184 --- [Tutoring] [           main] c.n.d.provider.DiscoveryJerseyProvider   : Using JSON decoding codec LegacyJacksonJson
2025-02-28T11:26:01.406+01:00  INFO 14184 --- [Tutoring] [           main] c.n.d.provider.DiscoveryJerseyProvider   : Using XML encoding codec XStreamXml
2025-02-28T11:26:01.406+01:00  INFO 14184 --- [Tutoring] [           main] c.n.d.provider.DiscoveryJerseyProvider   : Using XML decoding codec XStreamXml
2025-02-28T11:26:01.453+01:00  INFO 14184 --- [Tutoring] [           main] c.n.d.s.r.aws.ConfigClusterResolver      : Resolving eureka endpoints via configuration
2025-02-28T11:26:01.462+01:00  INFO 14184 --- [Tutoring] [           main] com.netflix.discovery.DiscoveryClient    : Disable delta property : false
2025-02-28T11:26:01.462+01:00  INFO 14184 --- [Tutoring] [           main] com.netflix.discovery.DiscoveryClient    : Single vip registry refresh property : null
2025-02-28T11:26:01.462+01:00  INFO 14184 --- [Tutoring] [           main] com.netflix.discovery.DiscoveryClient    : Force full registry fetch : false
2025-02-28T11:26:01.462+01:00  INFO 14184 --- [Tutoring] [           main] com.netflix.discovery.DiscoveryClient    : Application is null : false
2025-02-28T11:26:01.463+01:00  INFO 14184 --- [Tutoring] [           main] com.netflix.discovery.DiscoveryClient    : Registered Applications size is zero : true
2025-02-28T11:26:01.463+01:00  INFO 14184 --- [Tutoring] [           main] com.netflix.discovery.DiscoveryClient    : Application version is -1: true
2025-02-28T11:26:01.463+01:00  INFO 14184 --- [Tutoring] [           main] com.netflix.discovery.DiscoveryClient    : Getting all instance registry info from the eureka server
2025-02-28T11:26:01.978+01:00  INFO 14184 --- [Tutoring] [           main] com.netflix.discovery.DiscoveryClient    : The response status is 200
2025-02-28T11:26:01.982+01:00  INFO 14184 --- [Tutoring] [           main] com.netflix.discovery.DiscoveryClient    : Starting heartbeat executor: renew interval is: 30
2025-02-28T11:26:01.984+01:00  INFO 14184 --- [Tutoring] [           main] c.n.discovery.InstanceInfoReplicator     : InstanceInfoReplicator onDemand update allowed rate per min is 4
2025-02-28T11:26:01.986+01:00  INFO 14184 --- [Tutoring] [           main] com.netflix.discovery.DiscoveryClient    : Discovery Client initialized at timestamp 1740738361985 with initial instances count: 2
2025-02-28T11:26:02.063+01:00  INFO 14184 --- [Tutoring] [           main] c.n.eureka.DefaultEurekaServerContext    : Initializing ...
2025-02-28T11:26:02.064+01:00  WARN 14184 --- [Tutoring] [           main] c.n.eureka.cluster.PeerEurekaNodes       : The replica size seems to be empty. Check the route 53 DNS Registry
2025-02-28T11:26:02.087+01:00  INFO 14184 --- [Tutoring] [           main] c.n.e.registry.AbstractInstanceRegistry  : Finished initializing remote region registries. All known remote regions: []
2025-02-28T11:26:02.088+01:00  INFO 14184 --- [Tutoring] [           main] c.n.eureka.DefaultEurekaServerContext    : Initialized
2025-02-28T11:26:02.190+01:00  INFO 14184 --- [Tutoring] [           main] o.s.b.a.e.web.EndpointLinksResolver      : Exposing 1 endpoint beneath base path '/actuator'
2025-02-28T11:26:02.351+01:00  INFO 14184 --- [Tutoring] [           main] o.s.c.n.e.s.EurekaServiceRegistry        : Registering application TUTORING with eureka with status UP
2025-02-28T11:26:02.352+01:00  INFO 14184 --- [Tutoring] [           main] com.netflix.discovery.DiscoveryClient    : Saw local status change event StatusChangeEvent [timestamp=1740738362352, current=UP, previous=STARTING]
2025-02-28T11:26:02.354+01:00  INFO 14184 --- [Tutoring] [foReplicator-%d] com.netflix.discovery.DiscoveryClient    : DiscoveryClient_TUTORING/localhost:Tutoring:8087: registering service...
2025-02-28T11:26:02.367+01:00  INFO 14184 --- [Tutoring] [      Thread-12] o.s.c.n.e.server.EurekaServerBootstrap   : isAws returned false
2025-02-28T11:26:02.368+01:00  INFO 14184 --- [Tutoring] [      Thread-12] o.s.c.n.e.server.EurekaServerBootstrap   : Initialized server context
2025-02-28T11:26:02.374+01:00  INFO 14184 --- [Tutoring] [           main] t.e.tutoring.TutoringApplicationTests    : Started TutoringApplicationTests in 40.184 seconds (process running for 57.403)
2025-02-28T11:26:02.376+01:00  INFO 14184 --- [Tutoring] [      Thread-12] c.n.e.registry.AbstractInstanceRegistry  : Registered instance APIGATWEWAY/localhost:ApiGatweway:8093 with status UP (replication=true)
2025-02-28T11:26:02.380+01:00  INFO 14184 --- [Tutoring] [      Thread-12] c.n.e.registry.AbstractInstanceRegistry  : Registered instance TUTORING/localhost:Tutoring:8087 with status UP (replication=true)
2025-02-28T11:26:02.381+01:00  INFO 14184 --- [Tutoring] [      Thread-12] c.n.e.r.PeerAwareInstanceRegistryImpl    : Got 2 instances from neighboring DS node
2025-02-28T11:26:02.381+01:00  INFO 14184 --- [Tutoring] [      Thread-12] c.n.e.r.PeerAwareInstanceRegistryImpl    : Renew threshold is: 3
2025-02-28T11:26:02.381+01:00  INFO 14184 --- [Tutoring] [      Thread-12] c.n.e.r.PeerAwareInstanceRegistryImpl    : Changing status to UP
2025-02-28T11:26:02.382+01:00  INFO 14184 --- [Tutoring] [      Thread-12] e.s.EurekaServerInitializerConfiguration : Started Eureka Server
2025-02-28T11:26:02.391+01:00  INFO 14184 --- [Tutoring] [foReplicator-%d] com.netflix.discovery.DiscoveryClient    : DiscoveryClient_TUTORING/localhost:Tutoring:8087 - registration status: 204
]]></system-out>
  </testcase>
</testsuite>